Traceback (most recent call last):
  File "/opt/conda/lib/python3.9/site-packages/jupyter_cache/executors/utils.py", line 51, in single_nb_execution
    executenb(
  File "/opt/conda/lib/python3.9/site-packages/nbclient/client.py", line 1112, in execute
    return NotebookClient(nb=nb, resources=resources, km=km, **kwargs).execute()
  File "/opt/conda/lib/python3.9/site-packages/nbclient/util.py", line 74, in wrapped
    return just_run(coro(*args, **kwargs))
  File "/opt/conda/lib/python3.9/site-packages/nbclient/util.py", line 53, in just_run
    return loop.run_until_complete(coro)
  File "/opt/conda/lib/python3.9/asyncio/base_events.py", line 642, in run_until_complete
    return future.result()
  File "/opt/conda/lib/python3.9/site-packages/nbclient/client.py", line 553, in async_execute
    await self.async_execute_cell(
  File "/opt/conda/lib/python3.9/site-packages/nbclient/client.py", line 857, in async_execute_cell
    self._check_raise_for_error(cell, exec_reply)
  File "/opt/conda/lib/python3.9/site-packages/nbclient/client.py", line 760, in _check_raise_for_error
    raise CellExecutionError.from_cell_and_msg(cell, exec_reply_content)
nbclient.exceptions.CellExecutionError: An error occurred while executing the following cell:
------------------
concr_env = Environment(Store(maybe_counterexample))
Interpreter().execute(parse(program), concr_env)
result = Variable("result", INT_TYPE)
concr_env[result]
------------------

[0;31m---------------------------------------------------------------------------[0m
[0;31mAttributeError[0m                            Traceback (most recent call last)
[0;32m/tmp/ipykernel_953/273311546.py[0m in [0;36m<module>[0;34m[0m
[1;32m      1[0m [0mconcr_env[0m [0;34m=[0m [0mEnvironment[0m[0;34m([0m[0mStore[0m[0;34m([0m[0mmaybe_counterexample[0m[0;34m)[0m[0;34m)[0m[0;34m[0m[0;34m[0m[0m
[0;32m----> 2[0;31m [0mInterpreter[0m[0;34m([0m[0;34m)[0m[0;34m.[0m[0mexecute[0m[0;34m([0m[0mparse[0m[0;34m([0m[0mprogram[0m[0;34m)[0m[0;34m,[0m [0mconcr_env[0m[0;34m)[0m[0;34m[0m[0;34m[0m[0m
[0m[1;32m      3[0m [0mresult[0m [0;34m=[0m [0mVariable[0m[0;34m([0m[0;34m"result"[0m[0;34m,[0m [0mINT_TYPE[0m[0;34m)[0m[0;34m[0m[0;34m[0m[0m
[1;32m      4[0m [0mconcr_env[0m[0;34m[[0m[0mresult[0m[0;34m][0m[0;34m[0m[0;34m[0m[0m

[0;32m~/work/minipy.ipynb[0m in [0;36mexecute[0;34m(self, stmt, environment)[0m
[1;32m   1226[0m         [0mt[0m [0;34m=[0m [0mtype[0m[0;34m([0m[0mstmt[0m[0;34m)[0m[0;34m[0m[0;34m[0m[0m
[1;32m   1227[0m         [0;32mif[0m [0mt[0m [0;32min[0m [0mself[0m[0;34m.[0m[0mstmt_interpretations[0m[0;34m:[0m[0;34m[0m[0;34m[0m[0m
[0;32m-> 1228[0;31m             [0mself[0m[0;34m.[0m[0mstmt_interpretations[0m[0;34m[[0m[0mt[0m[0;34m][0m[0;34m([0m[0mstmt[0m[0;34m,[0m [0menvironment[0m[0;34m)[0m[0;34m[0m[0;34m[0m[0m
[0m[1;32m   1229[0m             [0;32mreturn[0m[0;34m[0m[0;34m[0m[0m
[1;32m   1230[0m [0;34m[0m[0m

[0;32m~/work/minipy.ipynb[0m in [0;36mexecute_stmts[0;34m(self, stmt, environment)[0m
[1;32m   1238[0m     [0;32mdef[0m [0mexecute_stmts[0m[0;34m([0m[0mself[0m[0;34m,[0m [0mstmt[0m[0;34m:[0m [0mStmts[0m[0;34m,[0m [0menvironment[0m[0;34m:[0m [0mEnvironment[0m[0;34m)[0m [0;34m->[0m [0;32mNone[0m[0;34m:[0m[0;34m[0m[0;34m[0m[0m
[1;32m   1239[0m         [0;32mfor[0m [0msub[0m [0;32min[0m [0mstmt[0m[0;34m.[0m[0mstmts[0m[0;34m:[0m[0;34m[0m[0;34m[0m[0m
[0;32m-> 1240[0;31m             [0mself[0m[0;34m.[0m[0mexecute[0m[0;34m([0m[0msub[0m[0;34m,[0m [0menvironment[0m[0;34m)[0m[0;34m[0m[0;34m[0m[0m
[0m[1;32m   1241[0m [0;34m[0m[0m
[1;32m   1242[0m     [0;32mdef[0m [0mexecute_pass[0m[0;34m([0m[0mself[0m[0;34m,[0m [0mstmt[0m[0;34m:[0m [0mASTNode[0m[0;34m,[0m [0menvironment[0m[0;34m:[0m [0mEnvironment[0m[0;34m)[0m [0;34m->[0m [0;32mNone[0m[0;34m:[0m[0;34m[0m[0;34m[0m[0m

[0;32m~/work/minipy.ipynb[0m in [0;36mexecute[0;34m(self, stmt, environment)[0m
[1;32m   1226[0m         [0mt[0m [0;34m=[0m [0mtype[0m[0;34m([0m[0mstmt[0m[0;34m)[0m[0;34m[0m[0;34m[0m[0m
[1;32m   1227[0m         [0;32mif[0m [0mt[0m [0;32min[0m [0mself[0m[0;34m.[0m[0mstmt_interpretations[0m[0;34m:[0m[0;34m[0m[0;34m[0m[0m
[0;32m-> 1228[0;31m             [0mself[0m[0;34m.[0m[0mstmt_interpretations[0m[0;34m[[0m[0mt[0m[0;34m][0m[0;34m([0m[0mstmt[0m[0;34m,[0m [0menvironment[0m[0;34m)[0m[0;34m[0m[0;34m[0m[0m
[0m[1;32m   1229[0m             [0;32mreturn[0m[0;34m[0m[0;34m[0m[0m
[1;32m   1230[0m [0;34m[0m[0m

[0;32m~/work/minipy.ipynb[0m in [0;36mexecute_if_stmt[0;34m(self, stmt, environment)[0m
[1;32m   1299[0m [0;34m[0m[0m
[1;32m   1300[0m     [0;32mdef[0m [0mexecute_if_stmt[0m[0;34m([0m[0mself[0m[0;34m,[0m [0mstmt[0m[0;34m:[0m [0mIfStmt[0m[0;34m,[0m [0menvironment[0m[0;34m:[0m [0mEnvironment[0m[0;34m)[0m [0;34m->[0m [0;32mNone[0m[0;34m:[0m[0;34m[0m[0;34m[0m[0m
[0;32m-> 1301[0;31m         [0meval_expr_result[0m [0;34m=[0m [0mself[0m[0;34m.[0m[0mevaluate[0m[0;34m([0m[0mstmt[0m[0;34m.[0m[0mguard[0m[0;34m,[0m [0menvironment[0m[0;34m)[0m[0;34m[0m[0;34m[0m[0m
[0m[1;32m   1302[0m         [0;32massert[0m [0mtype[0m[0;34m([0m[0meval_expr_result[0m[0;34m)[0m [0;32mis[0m [0mbool[0m[0;34m[0m[0;34m[0m[0m
[1;32m   1303[0m [0;34m[0m[0m

[0;32m~/work/minipy.ipynb[0m in [0;36mevaluate[0;34m(self, expr, environment)[0m
[1;32m   1335[0m         [0mt[0m [0;34m=[0m [0mtype[0m[0;34m([0m[0mexpr[0m[0;34m)[0m[0;34m[0m[0;34m[0m[0m
[1;32m   1336[0m         [0;32mif[0m [0mt[0m [0;32min[0m [0mself[0m[0;34m.[0m[0mexpr_interpretations[0m[0;34m:[0m[0;34m[0m[0;34m[0m[0m
[0;32m-> 1337[0;31m             [0;32mreturn[0m [0mself[0m[0;34m.[0m[0mexpr_interpretations[0m[0;34m[[0m[0mt[0m[0;34m][0m[0;34m([0m[0mexpr[0m[0;34m,[0m [0menvironment[0m[0;34m)[0m[0;34m[0m[0;34m[0m[0m
[0m[1;32m   1338[0m [0;34m[0m[0m
[1;32m   1339[0m         [0;32massert[0m [0;32mFalse[0m[0;34m[0m[0;34m[0m[0m

[0;32m~/work/minipy.ipynb[0m in [0;36mevaluate_comparison[0;34m(self, expr, environment)[0m
[1;32m   1364[0m         }
[1;32m   1365[0m [0;34m[0m[0m
[0;32m-> 1366[0;31m         [0mleft[0m [0;34m=[0m [0mself[0m[0;34m.[0m[0mevaluate[0m[0;34m([0m[0mexpr[0m[0;34m.[0m[0mleft[0m[0;34m,[0m [0menvironment[0m[0;34m)[0m[0;34m[0m[0;34m[0m[0m
[0m[1;32m   1367[0m         [0mright[0m [0;34m=[0m [0mself[0m[0;34m.[0m[0mevaluate[0m[0;34m([0m[0mexpr[0m[0;34m.[0m[0mright[0m[0;34m,[0m [0menvironment[0m[0;34m)[0m[0;34m[0m[0;34m[0m[0m
[1;32m   1368[0m [0;34m[0m[0m

[0;32m~/work/minipy.ipynb[0m in [0;36mevaluate[0;34m(self, expr, environment)[0m
[1;32m   1335[0m         [0mt[0m [0;34m=[0m [0mtype[0m[0;34m([0m[0mexpr[0m[0;34m)[0m[0;34m[0m[0;34m[0m[0m
[1;32m   1336[0m         [0;32mif[0m [0mt[0m [0;32min[0m [0mself[0m[0;34m.[0m[0mexpr_interpretations[0m[0;34m:[0m[0;34m[0m[0;34m[0m[0m
[0;32m-> 1337[0;31m             [0;32mreturn[0m [0mself[0m[0;34m.[0m[0mexpr_interpretations[0m[0;34m[[0m[0mt[0m[0;34m][0m[0;34m([0m[0mexpr[0m[0;34m,[0m [0menvironment[0m[0;34m)[0m[0;34m[0m[0;34m[0m[0m
[0m[1;32m   1338[0m [0;34m[0m[0m
[1;32m   1339[0m         [0;32massert[0m [0;32mFalse[0m[0;34m[0m[0;34m[0m[0m

[0;32m~/work/minipy.ipynb[0m in [0;36mevaluate_tuple_access[0;34m(self, expr, environment)[0m
[1;32m   1412[0m [0;34m[0m[0m
[1;32m   1413[0m     [0;32mdef[0m [0mevaluate_tuple_access[0m[0;34m([0m[0mself[0m[0;34m,[0m [0mexpr[0m[0;34m:[0m [0mTupleAccess[0m[0;34m,[0m [0menvironment[0m[0;34m:[0m [0mEnvironment[0m[0;34m)[0m [0;34m->[0m [0mValueType[0m[0;34m:[0m[0;34m[0m[0;34m[0m[0m
[0;32m-> 1414[0;31m         [0meval_atom_res[0m [0;34m=[0m [0mself[0m[0;34m.[0m[0mevaluate[0m[0;34m([0m[0mexpr[0m[0;34m.[0m[0matom[0m[0;34m,[0m [0menvironment[0m[0;34m)[0m[0;34m[0m[0;34m[0m[0m
[0m[1;32m   1415[0m         [0;32mif[0m [0mtype[0m[0;34m([0m[0meval_atom_res[0m[0;34m)[0m [0;32mis[0m [0;32mnot[0m [0mtuple[0m[0;34m:[0m[0;34m[0m[0;34m[0m[0m
[1;32m   1416[0m             [0;32mraise[0m [0mTypeError[0m[0;34m([0m[0;34mf"'{type(eval_atom_res)} is not subscriptable"[0m[0;34m)[0m[0;34m[0m[0;34m[0m[0m

[0;32m~/work/minipy.ipynb[0m in [0;36mevaluate[0;34m(self, expr, environment)[0m
[1;32m   1335[0m         [0mt[0m [0;34m=[0m [0mtype[0m[0;34m([0m[0mexpr[0m[0;34m)[0m[0;34m[0m[0;34m[0m[0m
[1;32m   1336[0m         [0;32mif[0m [0mt[0m [0;32min[0m [0mself[0m[0;34m.[0m[0mexpr_interpretations[0m[0;34m:[0m[0;34m[0m[0;34m[0m[0m
[0;32m-> 1337[0;31m             [0;32mreturn[0m [0mself[0m[0;34m.[0m[0mexpr_interpretations[0m[0;34m[[0m[0mt[0m[0;34m][0m[0;34m([0m[0mexpr[0m[0;34m,[0m [0menvironment[0m[0;34m)[0m[0;34m[0m[0;34m[0m[0m
[0m[1;32m   1338[0m [0;34m[0m[0m
[1;32m   1339[0m         [0;32massert[0m [0;32mFalse[0m[0;34m[0m[0;34m[0m[0m

[0;32m~/work/minipy.ipynb[0m in [0;36mevaluate_name[0;34m(self, expr, environment)[0m
[1;32m   1422[0m [0;34m[0m[0m
[1;32m   1423[0m     [0;32mdef[0m [0mevaluate_name[0m[0;34m([0m[0mself[0m[0;34m,[0m [0mexpr[0m[0;34m:[0m [0mNameAtom[0m[0;34m,[0m [0menvironment[0m[0;34m:[0m [0mEnvironment[0m[0;34m)[0m [0;34m->[0m [0mValueType[0m[0;34m:[0m[0;34m[0m[0;34m[0m[0m
[0;32m-> 1424[0;31m         [0;32mreturn[0m [0menvironment[0m[0;34m[[0m[0mexpr[0m[0;34m.[0m[0mname[0m[0;34m][0m[0;34m[0m[0;34m[0m[0m
[0m[1;32m   1425[0m [0;34m[0m[0m
[1;32m   1426[0m     [0;32mdef[0m [0mevaluate_boolean[0m[0;34m([0m[0mself[0m[0;34m,[0m [0mexpr[0m[0;34m:[0m [0mBooleanAtom[0m[0;34m,[0m [0menvironment[0m[0;34m:[0m [0mEnvironment[0m[0;34m)[0m [0;34m->[0m [0mValueType[0m[0;34m:[0m[0;34m[0m[0;34m[0m[0m

[0;32m~/work/minipy.ipynb[0m in [0;36m__getitem__[0;34m(self, item)[0m
[1;32m   1129[0m             [0;32mreturn[0m [0mself[0m[0;34m.[0m[0mfunctions[0m[0;34m[[0m[0mitem[0m[0;34m][0m[0;34m[0m[0;34m[0m[0m
[1;32m   1130[0m         [0;32melse[0m[0;34m:[0m[0;34m[0m[0;34m[0m[0m
[0;32m-> 1131[0;31m             [0;32mraise[0m [0mAttributeError[0m[0;34m([0m[0;34mf"Attempt to read uninitialized function/variable {item}"[0m[0;34m)[0m[0;34m[0m[0;34m[0m[0m
[0m[1;32m   1132[0m [0;34m[0m[0m
[1;32m   1133[0m     [0;32mdef[0m [0m__setitem__[0m[0;34m([0m[0mself[0m[0;34m,[0m [0mkey[0m[0;34m,[0m [0mvalue[0m[0;34m)[0m[0;34m:[0m[0;34m[0m[0;34m[0m[0m

[0;31mAttributeError[0m: Attempt to read uninitialized function/variable t
AttributeError: Attempt to read uninitialized function/variable t

